<?xml version="1.0" encoding="UTF-8"?>
<!-- Generated by org.testng.reporters.JUnitReportReporter -->
<testsuite hostname="DESKTOP-5EVK54D" failures="0" tests="2" name="basics.SingleUser" time="5.470" errors="0" timestamp="2023-03-02T09:02:58 IST" skipped="0">
  <testcase classname="basics.SingleUser" name="getSingleUser" time="5.042"/>
  <system-out/>
  <testcase classname="basics.SingleUser" name="validateEmailFromResponse" time="0.428"/>
  <system-out/>
</testsuite> <!-- basics.SingleUser -->
