<?xml version="1.0" encoding="UTF-8"?>
<!-- Generated by org.testng.reporters.JUnitReportReporter -->
<testsuite hostname="DESKTOP-5EVK54D" failures="0" tests="1" name="serializeanddeserialize.CreateUser" time="6.885" errors="0" timestamp="2023-03-06T09:03:57 IST" skipped="0">
  <testcase classname="serializeanddeserialize.CreateUser" name="createUser" time="6.885"/>
  <system-out/>
</testsuite> <!-- serializeanddeserialize.CreateUser -->
