<?xml version="1.0" encoding="UTF-8"?>
<!-- Generated by org.testng.reporters.JUnitReportReporter -->
<testsuite hostname="DESKTOP-5EVK54D" failures="0" tests="1" name="ecommerceapi.Login" time="6.592" errors="0" timestamp="2023-03-10T09:03:53 IST" skipped="0">
  <testcase classname="ecommerceapi.Login" name="loginToApp" time="6.592"/>
  <system-out/>
</testsuite> <!-- ecommerceapi.Login -->
