<?xml version="1.0" encoding="UTF-8"?>
<!-- Generated by org.testng.reporters.JUnitReportReporter -->
<testsuite hostname="DESKTOP-5EVK54D" failures="0" tests="1" name="basics.GetDynamicValuesFromJSON" time="6.697" errors="0" timestamp="2023-03-04T08:43:48 IST" skipped="0">
  <testcase classname="basics.GetDynamicValuesFromJSON" name="getEmail" time="6.697"/>
  <system-out/>
</testsuite> <!-- basics.GetDynamicValuesFromJSON -->
