<?xml version="1.0" encoding="UTF-8"?>
<!-- Generated by org.testng.reporters.JUnitReportReporter -->
<testsuite hostname="DESKTOP-5EVK54D" failures="0" tests="1" name="basics.GetValueFromResponse" time="5.229" errors="0" timestamp="2023-03-08T10:18:42 IST" skipped="0">
  <testcase classname="basics.GetValueFromResponse" name="getEmail" time="5.229"/>
  <system-out/>
</testsuite> <!-- basics.GetValueFromResponse -->
