<?xml version="1.0" encoding="UTF-8"?>
<!-- Generated by org.testng.reporters.JUnitReportReporter -->
<testsuite hostname="DESKTOP-5EVK54D" failures="0" tests="2" name="basics.SingleUser" time="6.268" errors="0" timestamp="2023-03-03T08:49:07 IST" skipped="0">
  <testcase classname="basics.SingleUser" name="getSingleUser" time="4.090"/>
  <system-out/>
  <testcase classname="basics.SingleUser" name="validateEmailFromResponse" time="2.178"/>
  <system-out/>
</testsuite> <!-- basics.SingleUser -->
