<?xml version="1.0" encoding="UTF-8"?>
<!-- Generated by org.testng.reporters.JUnitReportReporter -->
<testsuite hostname="DESKTOP-5EVK54D" failures="0" tests="1" name="basics.ComplexJsonSerializeAndDeserialize" time="5.514" errors="0" timestamp="2023-03-09T08:33:17 IST" skipped="0">
  <testcase classname="basics.ComplexJsonSerializeAndDeserialize" name="getEmail" time="5.514"/>
  <system-out/>
</testsuite> <!-- basics.ComplexJsonSerializeAndDeserialize -->
