<?xml version="1.0" encoding="UTF-8"?>
<!-- Generated by org.testng.reporters.JUnitReportReporter -->
<testsuite hostname="DESKTOP-5EVK54D" failures="0" tests="1" name="basics.Resources" time="3.811" errors="0" timestamp="2023-03-01T09:07:52 IST" skipped="0">
  <testcase classname="basics.Resources" name="getListOfUsers" time="3.811"/>
  <system-out/>
</testsuite> <!-- basics.Resources -->
