<?xml version="1.0" encoding="UTF-8"?>
<!-- Generated by org.testng.reporters.JUnitReportReporter -->
<testsuite hostname="DESKTOP-5EVK54D" failures="0" tests="2" name="basics.POST_CreateUser" time="8.792" errors="0" timestamp="2023-03-05T08:44:47 IST" skipped="0">
  <testcase classname="basics.POST_CreateUser" name="getUser" time="1.684"/>
  <system-out/>
  <testcase classname="basics.POST_CreateUser" name="createUser" time="7.108"/>
  <system-out/>
</testsuite> <!-- basics.POST_CreateUser -->
