<?xml version="1.0" encoding="UTF-8"?>
<!-- Generated by org.testng.reporters.JUnitReportReporter -->
<testsuite hostname="DESKTOP-5EVK54D" failures="0" tests="1" name="basics.Resources" time="4.982" errors="0" timestamp="2023-03-02T08:43:25 IST" skipped="0">
  <testcase classname="basics.Resources" name="getListOfUsers" time="4.982"/>
  <system-out/>
</testsuite> <!-- basics.Resources -->
