<?xml version="1.0" encoding="UTF-8"?>
<!-- Generated by org.testng.reporters.JUnitReportReporter -->
<testsuite hostname="DESKTOP-5EVK54D" failures="0" tests="1" name="basics.ParseBodyFromAnotherClass" time="6.241" errors="0" timestamp="2023-03-05T08:57:31 IST" skipped="0">
  <testcase classname="basics.ParseBodyFromAnotherClass" name="createUser" time="6.241"/>
  <system-out/>
</testsuite> <!-- basics.ParseBodyFromAnotherClass -->
